{"level":"info","message":"Server started on port 3000","timestamp":"2023-05-07T08:50:53.154Z"}
{"level":"info","message":"Database connection established.","timestamp":"2023-05-07T08:50:53.263Z"}
{"level":"info","message":"Server started on port 3000","timestamp":"2023-05-07T09:35:35.051Z"}
{"level":"info","message":"Database connection established.","timestamp":"2023-05-07T09:35:35.183Z"}
{"level":"info","message":"Server started on port 3000","timestamp":"2023-05-09T05:46:20.955Z"}
{"level":"error","message":"Database connection failed testing error 500","stack":"Error: testing error 500\n    at Server.<anonymous> (C:\\Users\\maru\\Desktop\\MP7\\index.js:13:15)\n    at Object.onceWrapper (node:events:627:28)\n    at Server.emit (node:events:513:28)\n    at emitListeningNT (node:net:1774:10)\n    at process.processTicksAndRejections (node:internal/process/task_queues:81:21)","timestamp":"2023-05-09T05:46:20.956Z"}
{"level":"info","message":"Server started on port 3000","timestamp":"2023-05-09T05:46:44.171Z"}
{"level":"error","message":"Database connection failed testing error 500","stack":"Error: testing error 500\n    at Server.<anonymous> (C:\\Users\\maru\\Desktop\\MP7\\index.js:13:15)\n    at Object.onceWrapper (node:events:627:28)\n    at Server.emit (node:events:513:28)\n    at emitListeningNT (node:net:1774:10)\n    at process.processTicksAndRejections (node:internal/process/task_queues:81:21)","timestamp":"2023-05-09T05:46:44.173Z"}
{"level":"info","message":"Server started on port 3000","timestamp":"2023-05-09T05:49:00.140Z"}
{"level":"info","message":"Database connection established.","timestamp":"2023-05-09T05:49:00.262Z"}
{"level":"info","message":"Server started on port 3000","timestamp":"2023-05-09T05:49:07.928Z"}
{"level":"info","message":"Database connection established","timestamp":"2023-05-09T05:49:08.040Z"}
{"level":"info","message":"Server started on port 3000","timestamp":"2023-05-09T05:49:19.881Z"}
{"level":"info","message":"Database connection established","timestamp":"2023-05-09T05:49:20.269Z"}
{"level":"info","message":"Server started on port 3000","timestamp":"2023-05-09T06:06:20.231Z"}
{"level":"info","message":"Database connection established","timestamp":"2023-05-09T06:06:20.347Z"}
{"level":"info","message":"Server started on port 3000","timestamp":"2023-05-10T06:14:07.574Z"}
{"level":"info","message":"Database connection established","timestamp":"2023-05-10T06:14:07.804Z"}
{"level":"info","message":"Server started on port 3000","timestamp":"2023-05-10T06:14:23.512Z"}
{"level":"info","message":"Database connection established","timestamp":"2023-05-10T06:14:23.640Z"}
{"level":"info","message":"Server started on port 3000","timestamp":"2023-05-10T06:14:33.351Z"}
{"level":"info","message":"Database connection established","timestamp":"2023-05-10T06:14:33.484Z"}
{"level":"info","message":"Server started on port 3000","timestamp":"2023-05-10T06:15:57.229Z"}
{"level":"info","message":"Database connection established","timestamp":"2023-05-10T06:15:57.351Z"}
{"level":"info","message":"Server started on port 3000","timestamp":"2023-05-10T06:16:09.109Z"}
{"level":"info","message":"Database connection established","timestamp":"2023-05-10T06:16:09.334Z"}
{"level":"info","message":"Server started on port 3000","timestamp":"2023-05-10T06:16:33.504Z"}
{"level":"info","message":"Database connection established","timestamp":"2023-05-10T06:16:33.823Z"}
{"level":"error","message":"Database connection failed security_exception\n\tRoot causes:\n\t\tsecurity_exception: unable to authenticate user [elastico] for REST request [/]","meta":{"body":{"error":{"header":{"WWW-Authenticate":["Basic realm=\"security\" charset=\"UTF-8\"","Bearer realm=\"security\"","ApiKey"]},"reason":"unable to authenticate user [elastico] for REST request [/]","root_cause":[{"header":{"WWW-Authenticate":["Basic realm=\"security\" charset=\"UTF-8\"","Bearer realm=\"security\"","ApiKey"]},"reason":"unable to authenticate user [elastico] for REST request [/]","type":"security_exception"}],"type":"security_exception"},"status":401},"headers":{"content-encoding":"gzip","content-length":"216","content-type":"application/json","date":"Wed, 10 May 2023 06:16:50 GMT","www-authenticate":["Basic realm=\"security\" charset=\"UTF-8\"","Bearer realm=\"security\"","ApiKey"],"x-cloud-request-id":"Cujty8SzSHqxs-6YplIU5Q","x-found-handling-cluster":"41e254774d684a6ab9aa7ad2d1ee46cd","x-found-handling-instance":"instance-0000000001"},"meta":{"aborted":false,"attempts":0,"connection":{"headers":{},"id":"https://41e254774d684a6ab9aa7ad2d1ee46cd.us-central1.gcp.cloud.es.io/","status":"alive","url":"https://41e254774d684a6ab9aa7ad2d1ee46cd.us-central1.gcp.cloud.es.io/"},"context":null,"name":"elasticsearch-js","request":{"id":1,"options":{},"params":{"headers":{"accept":"application/vnd.elasticsearch+json; compatible-with=8,text/plain","accept-encoding":"gzip,deflate","user-agent":"elastic-transport-js/8.3.1 (win32 10.0.22621-x64; Node.js v18.14.0)","x-elastic-client-meta":"es=8.7.0,js=18.14.0,t=8.3.1,hc=18.14.0"},"method":"GET","path":"/","querystring":""}}},"statusCode":401,"warnings":null},"name":"ResponseError","stack":"ResponseError: security_exception\n\tRoot causes:\n\t\tsecurity_exception: unable to authenticate user [elastico] for REST request [/]\n    at SniffingTransport.request (C:\\Users\\maru\\Desktop\\MP7\\node_modules\\@elastic\\transport\\lib\\Transport.js:479:27)\n    at process.processTicksAndRejections (node:internal/process/task_queues:95:5)\n    at async Client.InfoApi [as info] (C:\\Users\\maru\\Desktop\\MP7\\node_modules\\@elastic\\elasticsearch\\lib\\api\\api\\info.js:37:12)\n    at async cliente (C:\\Users\\maru\\Desktop\\MP7\\src\\helpers\\elastic.js:15:18)\n    at async Server.<anonymous> (C:\\Users\\maru\\Desktop\\MP7\\index.js:13:22)","timestamp":"2023-05-10T06:16:52.022Z"}
{"level":"error","message":"Database connection failed security_exception\n\tRoot causes:\n\t\tsecurity_exception: unable to authenticate user [elastico] for REST request [/]","meta":{"body":{"error":{"header":{"WWW-Authenticate":["Basic realm=\"security\" charset=\"UTF-8\"","Bearer realm=\"security\"","ApiKey"]},"reason":"unable to authenticate user [elastico] for REST request [/]","root_cause":[{"header":{"WWW-Authenticate":["Basic realm=\"security\" charset=\"UTF-8\"","Bearer realm=\"security\"","ApiKey"]},"reason":"unable to authenticate user [elastico] for REST request [/]","type":"security_exception"}],"type":"security_exception"},"status":401},"headers":{"content-length":"467","content-type":"application/json","date":"Wed, 10 May 2023 06:17:14 GMT","www-authenticate":["Basic realm=\"security\" charset=\"UTF-8\"","Bearer realm=\"security\"","ApiKey"],"x-cloud-request-id":"646fxerIT4S0E-_9v6IyYw","x-found-handling-cluster":"41e254774d684a6ab9aa7ad2d1ee46cd","x-found-handling-instance":"instance-0000000000"},"meta":{"aborted":false,"attempts":0,"connection":{"headers":{},"id":"https://41e254774d684a6ab9aa7ad2d1ee46cd.us-central1.gcp.cloud.es.io/","status":"alive","url":"https://41e254774d684a6ab9aa7ad2d1ee46cd.us-central1.gcp.cloud.es.io/"},"context":null,"name":"elasticsearch-js","request":{"id":1,"options":{},"params":{"headers":{"accept":"application/vnd.elasticsearch+json; compatible-with=8,text/plain","user-agent":"elastic-transport-js/8.3.1 (win32 10.0.22621-x64; Node.js v18.14.0)","x-elastic-client-meta":"es=8.7.0,js=18.14.0,t=8.3.1,hc=18.14.0"},"method":"GET","path":"/","querystring":""}}},"statusCode":401,"warnings":null},"name":"ResponseError","stack":"ResponseError: security_exception\n\tRoot causes:\n\t\tsecurity_exception: unable to authenticate user [elastico] for REST request [/]\n    at SniffingTransport.request (C:\\Users\\maru\\Desktop\\MP7\\node_modules\\@elastic\\transport\\lib\\Transport.js:479:27)\n    at process.processTicksAndRejections (node:internal/process/task_queues:95:5)\n    at async Client.InfoApi [as info] (C:\\Users\\maru\\Desktop\\MP7\\node_modules\\@elastic\\elasticsearch\\lib\\api\\api\\info.js:37:12)\n    at async cliente (C:\\Users\\maru\\Desktop\\MP7\\src\\helpers\\elastic.js:15:18)\n    at async Server.<anonymous> (C:\\Users\\maru\\Desktop\\MP7\\index.js:13:22)","timestamp":"2023-05-10T06:17:15.761Z"}
{"level":"info","message":"Server started on port 3000","timestamp":"2023-05-10T06:17:52.310Z"}
{"level":"info","message":"Database connection established","timestamp":"2023-05-10T06:17:52.440Z"}
